[2026-04-21T04:00:19+00:00] Starting sync...
2026/04/21 04:00:20 INFO  : people/baokhanh-onmic.md: Copied (new)
2026/04/21 04:00:20 INFO  : 
Transferred:   	        372 B / 372 B, 100%, 0 B/s, ETA -
Checks:                 0 / 0, -, Listed 2
Transferred:            1 / 1, 100%
Elapsed time:         0.9s

[2026-04-21T04:00:20+00:00] Sync complete.
[2026-04-21T04:16:10+00:00] Starting sync...
2026/04/21 04:16:11 INFO  : people/quanle-IBEP.md: Copied (new)
2026/04/21 04:16:11 INFO  : people/anhHien-exManulife.md: Copied (new)
2026/04/21 04:16:11 INFO  : people/baokhanh-onmic.md: Copied (replaced existing)
2026/04/21 04:16:11 INFO  : people/chiThi-kinhtehue.md: Copied (new)
2026/04/21 04:16:11 INFO  : 
Transferred:   	    2.152 KiB / 2.152 KiB, 100%, 2.151 KiB/s, ETA 0s
Checks:                 1 / 1, 100%, Listed 7
Transferred:            4 / 4, 100%
Elapsed time:         1.3s

[2026-04-21T04:16:11+00:00] R2 sync complete.
[2026-04-21T04:16:14+00:00] Git push complete.
[2026-04-21T04:19:15+00:00] Starting sync...
2026/04/21 04:19:16 INFO  : people/quanle-IBEP.md: Copied (replaced existing)
2026/04/21 04:19:16 INFO  : 
Transferred:   	        359 B / 359 B, 100%, 0 B/s, ETA -
Checks:                 4 / 4, 100%, Listed 10
Transferred:            1 / 1, 100%
Elapsed time:         0.8s

[2026-04-21T04:19:16+00:00] R2 sync complete.
[2026-04-21T04:19:18+00:00] Git push complete.
[2026-04-21T04:20:27+00:00] Starting sync...
2026/04/21 04:20:28 INFO  : There was nothing to transfer
2026/04/21 04:20:28 INFO  : 
Transferred:   	          0 B / 0 B, -, 0 B/s, ETA -
Checks:                 4 / 4, 100%, Listed 10
Elapsed time:         0.6s

[2026-04-21T04:20:28+00:00] R2 sync complete.
